This is pdfTeX, Version 3.14159265-2.6-1.40.18 (TeX Live 2017/W32TeX) (preloaded format=pdflatex 2018.1.20)  23 JAN 2018 18:26
entering extended mode
 restricted \write18 enabled.
 %&-line parsing enabled.
**./main_review_arxiv.tex
(./main_review_arxiv.tex
LaTeX2e <2017-04-15>
Babel <3.16> and hyphenation patterns for 84 language(s) loaded.
(c:/texlive/2017/texmf-dist/tex/latex/base/article.cls
Document Class: article 2014/09/29 v1.4h Standard LaTeX document class
(c:/texlive/2017/texmf-dist/tex/latex/base/size10.clo
File: size10.clo 2014/09/29 v1.4h Standard LaTeX file (size option)
)
\c@part=\count79
\c@section=\count80
\c@subsection=\count81
\c@subsubsection=\count82
\c@paragraph=\count83
\c@subparagraph=\count84
\c@figure=\count85
\c@table=\count86
\abovecaptionskip=\skip41
\belowcaptionskip=\skip42
\bibindent=\dimen102
) (./cvpr.sty
(./eso-pic.sty
Package: eso-pic 2002/11/16 v1.1b eso-pic (RN)
 (./cvpr_eso.sty

LaTeX Warning: You have requested package `eso-pic',
               but the package provides `everyshi'.

Package: everyshi 2001/05/15 v3.00 EveryShipout Package (MS)
) (c:/texlive/2017/texmf-dist/tex/latex/graphics/keyval.sty
Package: keyval 2014/10/28 v1.15 key=value parser (DPC)
\KV@toks@=\toks14
))
(c:/texlive/2017/texmf-dist/tex/latex/tools/xspace.sty
Package: xspace 2014/10/28 v1.13 Space after command names (DPC,MH)
)
CVPR 8.5 x 11-Inch Proceedings Style `cvpr.sty'.
\@ctmp=\skip43
\@figindent=\skip44
\cvprrulerbox=\box26
\cvprrulercount=\count87
\cvprruleroffset=\dimen103
\cv@lineheight=\dimen104
\cv@boxheight=\dimen105
\cv@tmpbox=\box27
\cv@refno=\count88
\cv@tot=\count89
\cv@tmpc@=\count90
\cv@tmpc=\count91
) (c:/texlive/2017/texmf-dist/tex/latex/lipsum/lipsum.sty
Package: lipsum 2014/07/27 v1.3 150 paragraphs of Lorem Ipsum dummy text
\c@lips@count=\count92
)
(c:/texlive/2017/texmf-dist/tex/latex/psnfss/times.sty
Package: times 2005/04/12 PSNFSS-v9.2a (SPQR) 
)
(c:/texlive/2017/texmf-dist/tex/latex/graphics/epsfig.sty
Package: epsfig 2017/06/25 v1.7b (e)psfig emulation (SPQR)

(c:/texlive/2017/texmf-dist/tex/latex/graphics/graphicx.sty
Package: graphicx 2017/06/01 v1.1a Enhanced LaTeX Graphics (DPC,SPQR)

(c:/texlive/2017/texmf-dist/tex/latex/graphics/graphics.sty
Package: graphics 2017/06/25 v1.2c Standard LaTeX Graphics (DPC,SPQR)

(c:/texlive/2017/texmf-dist/tex/latex/graphics/trig.sty
Package: trig 2016/01/03 v1.10 sin cos tan (DPC)
)
(c:/texlive/2017/texmf-dist/tex/latex/graphics-cfg/graphics.cfg
File: graphics.cfg 2016/06/04 v1.11 sample graphics configuration
)
Package graphics Info: Driver file: pdftex.def on input line 99.

(c:/texlive/2017/texmf-dist/tex/latex/graphics-def/pdftex.def
File: pdftex.def 2018/01/08 v1.0l Graphics/color driver for pdftex
))
\Gin@req@height=\dimen106
\Gin@req@width=\dimen107
)
\epsfxsize=\dimen108
\epsfysize=\dimen109
)
(c:/texlive/2017/texmf-dist/tex/latex/amsmath/amsmath.sty
Package: amsmath 2017/09/02 v2.17a AMS math features
\@mathmargin=\skip45

For additional information on amsmath, use the `?' option.
(c:/texlive/2017/texmf-dist/tex/latex/amsmath/amstext.sty
Package: amstext 2000/06/29 v2.01 AMS text

(c:/texlive/2017/texmf-dist/tex/latex/amsmath/amsgen.sty
File: amsgen.sty 1999/11/30 v2.0 generic functions
\@emptytoks=\toks15
\ex@=\dimen110
))
(c:/texlive/2017/texmf-dist/tex/latex/amsmath/amsbsy.sty
Package: amsbsy 1999/11/29 v1.2d Bold Symbols
\pmbraise@=\dimen111
)
(c:/texlive/2017/texmf-dist/tex/latex/amsmath/amsopn.sty
Package: amsopn 2016/03/08 v2.02 operator names
)
\inf@bad=\count93
LaTeX Info: Redefining \frac on input line 213.
\uproot@=\count94
\leftroot@=\count95
LaTeX Info: Redefining \overline on input line 375.
\classnum@=\count96
\DOTSCASE@=\count97
LaTeX Info: Redefining \ldots on input line 472.
LaTeX Info: Redefining \dots on input line 475.
LaTeX Info: Redefining \cdots on input line 596.
\Mathstrutbox@=\box28
\strutbox@=\box29
\big@size=\dimen112
LaTeX Font Info:    Redeclaring font encoding OML on input line 712.
LaTeX Font Info:    Redeclaring font encoding OMS on input line 713.
\macc@depth=\count98
\c@MaxMatrixCols=\count99
\dotsspace@=\muskip10
\c@parentequation=\count100
\dspbrk@lvl=\count101
\tag@help=\toks16
\row@=\count102
\column@=\count103
\maxfields@=\count104
\andhelp@=\toks17
\eqnshift@=\dimen113
\alignsep@=\dimen114
\tagshift@=\dimen115
\tagwidth@=\dimen116
\totwidth@=\dimen117
\lineht@=\dimen118
\@envbody=\toks18
\multlinegap=\skip46
\multlinetaggap=\skip47
\mathdisplay@stack=\toks19
LaTeX Info: Redefining \[ on input line 2817.
LaTeX Info: Redefining \] on input line 2818.
)
(c:/texlive/2017/texmf-dist/tex/latex/amsfonts/amssymb.sty
Package: amssymb 2013/01/14 v3.01 AMS font symbols

(c:/texlive/2017/texmf-dist/tex/latex/amsfonts/amsfonts.sty
Package: amsfonts 2013/01/14 v3.01 Basic AMSFonts support
\symAMSa=\mathgroup4
\symAMSb=\mathgroup5
LaTeX Font Info:    Overwriting math alphabet `\mathfrak' in version `bold'
(Font)                  U/euf/m/n --> U/euf/b/n on input line 106.
))
(c:/texlive/2017/texmf-dist/tex/latex/booktabs/booktabs.sty
Package: booktabs 2016/04/27 v1.618033 publication quality tables
\heavyrulewidth=\dimen119
\lightrulewidth=\dimen120
\cmidrulewidth=\dimen121
\belowrulesep=\dimen122
\belowbottomsep=\dimen123
\aboverulesep=\dimen124
\abovetopsep=\dimen125
\cmidrulesep=\dimen126
\cmidrulekern=\dimen127
\defaultaddspace=\dimen128
\@cmidla=\count105
\@cmidlb=\count106
\@aboverulesep=\dimen129
\@belowrulesep=\dimen130
\@thisruleclass=\count107
\@lastruleclass=\count108
\@thisrulewidth=\dimen131
)
(c:/texlive/2017/texmf-dist/tex/latex/graphics/color.sty
Package: color 2016/07/10 v1.1e Standard LaTeX Color (DPC)

(c:/texlive/2017/texmf-dist/tex/latex/graphics-cfg/color.cfg
File: color.cfg 2016/01/02 v1.6 sample color configuration
)
Package color Info: Driver file: pdftex.def on input line 147.
)
(c:/texlive/2017/texmf-dist/tex/latex/subfig/subfig.sty
Package: subfig 2005/06/28 ver: 1.3 subfig package

(c:/texlive/2017/texmf-dist/tex/latex/caption/caption.sty
Package: caption 2016/02/21 v3.3-144 Customizing captions (AR)

(c:/texlive/2017/texmf-dist/tex/latex/caption/caption3.sty
Package: caption3 2016/05/22 v1.7-166 caption3 kernel (AR)
Package caption3 Info: TeX engine: e-TeX on input line 67.
\captionmargin=\dimen132
\captionmargin@=\dimen133
\captionwidth=\dimen134
\caption@tempdima=\dimen135
\caption@indent=\dimen136
\caption@parindent=\dimen137
\caption@hangindent=\dimen138
Package caption Info: Unknown document class (or package),
(caption)             standard defaults will be used.
)

Package caption Warning: Unsupported document class (or package) detected,
(caption)                usage of the caption package is not recommended.
See the caption package documentation for explanation.

Package caption Info: \@makecaption = \long macro:#1#2-> \setbox \@tempboxa \hb
ox {\small \noindent #1.~#2} \setlength {\@ctmp }{\hsize } \addtolength {\@ctmp
 }{-\@figindent }\addtolength {\@ctmp }{-\@figindent } \ifdim \wd \@tempboxa >\
@ctmp {\small #1.~#2\par } \else \hbox to\hsize {\hfil \box \@tempboxa \hfil } 
\fi .
\c@ContinuedFloat=\count109
)
\c@KVtest=\count110
\sf@farskip=\skip48
\sf@captopadj=\dimen139
\sf@capskip=\skip49
\sf@nearskip=\skip50
\c@subfigure=\count111
\c@subfigure@save=\count112
\c@lofdepth=\count113
\c@subtable=\count114
\c@subtable@save=\count115
\c@lotdepth=\count116
\sf@top=\skip51
\sf@bottom=\skip52
) (c:/texlive/2017/texmf-dist/tex/latex/comment/comment.sty
\CommentStream=\write3

Excluding comment 'comment')
(c:/texlive/2017/texmf-dist/tex/latex/tools/enumerate.sty
Package: enumerate 2015/07/23 v3.00 enumerate extensions (DPC)
\@enLab=\toks20
)
(c:/texlive/2017/texmf-dist/tex/latex/arydshln/arydshln.sty
Package: arydshln 2016/04/28 v1.73 
\dashlinedash=\dimen140
\dashlinegap=\dimen141
\adl@box=\box30
\adl@height=\dimen142
\adl@heightsave=\dimen143
\adl@depth=\dimen144
\adl@depthsave=\dimen145
\adl@finaldepth=\dimen146
\adl@columns=\count117
\adl@ncol=\count118
\adl@currentcolumn=\count119
\adl@currentcolumnsave=\count120
\adl@totalheight=\count121
\adl@totalheightsave=\count122
\adl@dash=\count123
\adl@gap=\count124
\adl@cla=\count125
\adl@clb=\count126
\adl@everyvbox=\toks21
\adl@LTpagetotal=\dimen147
)
(c:/texlive/2017/texmf-dist/tex/latex/graphics/rotating.sty
Package: rotating 2016/08/11 v2.16d rotated objects in LaTeX

(c:/texlive/2017/texmf-dist/tex/latex/base/ifthen.sty
Package: ifthen 2014/09/29 v1.1c Standard LaTeX ifthen package (DPC)
)
\c@r@tfl@t=\count127
\rotFPtop=\skip53
\rotFPbot=\skip54
\rot@float@box=\box31
\rot@mess@toks=\toks22
)
(c:/texlive/2017/texmf-dist/tex/latex/adjustbox/adjustbox.sty
Package: adjustbox 2012/05/21 v1.0 Adjusting TeX boxes (trim, clip, ...)

(c:/texlive/2017/texmf-dist/tex/latex/xkeyval/xkeyval.sty
Package: xkeyval 2014/12/03 v2.7a package option processing (HA)

(c:/texlive/2017/texmf-dist/tex/generic/xkeyval/xkeyval.tex
(c:/texlive/2017/texmf-dist/tex/generic/xkeyval/xkvutils.tex
\XKV@toks=\toks23
\XKV@tempa@toks=\toks24
)
\XKV@depth=\count128
File: xkeyval.tex 2014/12/03 v2.7a key=value parser (HA)
))
(c:/texlive/2017/texmf-dist/tex/latex/adjustbox/adjcalc.sty
Package: adjcalc 2012/05/16 v1.1 Provides advanced setlength with multiple back
-ends (calc, etex, pgfmath)
)
(c:/texlive/2017/texmf-dist/tex/latex/adjustbox/trimclip.sty
Package: trimclip 2012/05/16 v1.0 Trim and clip general TeX material

(c:/texlive/2017/texmf-dist/tex/latex/collectbox/collectbox.sty
Package: collectbox 2012/05/17 v0.4b Collect macro arguments as boxes
\collectedbox=\box32
)
\tc@llx=\dimen148
\tc@lly=\dimen149
\tc@urx=\dimen150
\tc@ury=\dimen151
Package trimclip Info: Using driver 'tc-pdftex.def'.

(c:/texlive/2017/texmf-dist/tex/latex/adjustbox/tc-pdftex.def
File: tc-pdftex.def 2012/05/13 v1.0 Clipping driver for pdftex
))
\adjbox@Width=\dimen152
\adjbox@Height=\dimen153
\adjbox@Depth=\dimen154
\adjbox@Totalheight=\dimen155

(c:/texlive/2017/texmf-dist/tex/latex/ifoddpage/ifoddpage.sty
Package: ifoddpage 2016/04/23 v1.1 Conditionals for odd/even page detection
\c@checkoddpage=\count129
)
(c:/texlive/2017/texmf-dist/tex/latex/varwidth/varwidth.sty
Package: varwidth 2009/03/30 ver 0.92;  Variable-width minipages
\@vwid@box=\box33
\sift@deathcycles=\count130
\@vwid@loff=\dimen156
\@vwid@roff=\dimen157
))
(c:/texlive/2017/texmf-dist/tex/latex/algorithm2e/algorithm2e.sty
Package: algorithm2e 2017/07/18 v5.2 algorithms environments
\c@AlgoLine=\count131
\algocf@hangindent=\skip55

(c:/texlive/2017/texmf-dist/tex/latex/relsize/relsize.sty
Package: relsize 2013/03/29 ver 4.1
)
\skiptotal=\skip56
\skiplinenumber=\skip57
\skiprule=\skip58
\skiphlne=\skip59
\skiptext=\skip60
\skiplength=\skip61
\algomargin=\skip62
\skipalgocfslide=\skip63
\algowidth=\dimen158
\inoutsize=\dimen159
\inoutindent=\dimen160
\interspacetitleruled=\dimen161
\interspacealgoruled=\dimen162
\interspacetitleboxruled=\dimen163
\algocf@ruledwidth=\skip64
\algocf@inoutbox=\box34
\algocf@inputbox=\box35
\AlCapSkip=\skip65
\AlCapHSkip=\skip66
\algoskipindent=\skip67
\algocf@nlbox=\box36
\algocf@hangingbox=\box37
\algocf@untilbox=\box38
\algocf@skipuntil=\skip68
\algocf@capbox=\box39
\algocf@lcaptionbox=\skip69
\algoheightruledefault=\skip70
\algoheightrule=\skip71
\algotitleheightruledefault=\skip72
\algotitleheightrule=\skip73
\c@algocfline=\count132
\c@algocfproc=\count133
\c@algocf=\count134
\algocf@algoframe=\box40
\algocf@algobox=\box41
)
(c:/texlive/2017/texmf-dist/tex/latex/tcolorbox/tcolorbox.sty
Package: tcolorbox 2018/01/12 version 4.12 text color boxes

(c:/texlive/2017/texmf-dist/tex/latex/pgf/basiclayer/pgf.sty
(c:/texlive/2017/texmf-dist/tex/latex/pgf/utilities/pgfrcs.sty
(c:/texlive/2017/texmf-dist/tex/generic/pgf/utilities/pgfutil-common.tex
\pgfutil@everybye=\toks25
\pgfutil@tempdima=\dimen164
\pgfutil@tempdimb=\dimen165

(c:/texlive/2017/texmf-dist/tex/generic/pgf/utilities/pgfutil-common-lists.tex)
) (c:/texlive/2017/texmf-dist/tex/generic/pgf/utilities/pgfutil-latex.def
\pgfutil@abb=\box42
)
(c:/texlive/2017/texmf-dist/tex/generic/pgf/utilities/pgfrcs.code.tex
Package: pgfrcs 2015/08/07 v3.0.1a (rcs-revision 1.31)
))
Package: pgf 2015/08/07 v3.0.1a (rcs-revision 1.15)

(c:/texlive/2017/texmf-dist/tex/latex/pgf/basiclayer/pgfcore.sty
(c:/texlive/2017/texmf-dist/tex/latex/pgf/systemlayer/pgfsys.sty
(c:/texlive/2017/texmf-dist/tex/generic/pgf/systemlayer/pgfsys.code.tex
Package: pgfsys 2014/07/09 v3.0.1a (rcs-revision 1.48)

(c:/texlive/2017/texmf-dist/tex/generic/pgf/utilities/pgfkeys.code.tex
\pgfkeys@pathtoks=\toks26
\pgfkeys@temptoks=\toks27

(c:/texlive/2017/texmf-dist/tex/generic/pgf/utilities/pgfkeysfiltered.code.tex
\pgfkeys@tmptoks=\toks28
))
\pgf@x=\dimen166
\pgf@y=\dimen167
\pgf@xa=\dimen168
\pgf@ya=\dimen169
\pgf@xb=\dimen170
\pgf@yb=\dimen171
\pgf@xc=\dimen172
\pgf@yc=\dimen173
\w@pgf@writea=\write4
\r@pgf@reada=\read1
\c@pgf@counta=\count135
\c@pgf@countb=\count136
\c@pgf@countc=\count137
\c@pgf@countd=\count138
\t@pgf@toka=\toks29
\t@pgf@tokb=\toks30
\t@pgf@tokc=\toks31
 (c:/texlive/2017/texmf-dist/tex/generic/pgf/systemlayer/pgf.cfg
File: pgf.cfg 2008/05/14  (rcs-revision 1.7)
)
Driver file for pgf: pgfsys-pdftex.def

(c:/texlive/2017/texmf-dist/tex/generic/pgf/systemlayer/pgfsys-pdftex.def
File: pgfsys-pdftex.def 2014/10/11  (rcs-revision 1.35)

(c:/texlive/2017/texmf-dist/tex/generic/pgf/systemlayer/pgfsys-common-pdf.def
File: pgfsys-common-pdf.def 2013/10/10  (rcs-revision 1.13)
)))
(c:/texlive/2017/texmf-dist/tex/generic/pgf/systemlayer/pgfsyssoftpath.code.tex
File: pgfsyssoftpath.code.tex 2013/09/09  (rcs-revision 1.9)
\pgfsyssoftpath@smallbuffer@items=\count139
\pgfsyssoftpath@bigbuffer@items=\count140
)
(c:/texlive/2017/texmf-dist/tex/generic/pgf/systemlayer/pgfsysprotocol.code.tex
File: pgfsysprotocol.code.tex 2006/10/16  (rcs-revision 1.4)
)) (c:/texlive/2017/texmf-dist/tex/latex/xcolor/xcolor.sty
Package: xcolor 2016/05/11 v2.12 LaTeX color extensions (UK)

(c:/texlive/2017/texmf-dist/tex/latex/graphics-cfg/color.cfg
File: color.cfg 2016/01/02 v1.6 sample color configuration
)
Package xcolor Info: Driver file: pdftex.def on input line 225.
LaTeX Info: Redefining \color on input line 709.
Package xcolor Info: Model `cmy' substituted by `cmy0' on input line 1348.
Package xcolor Info: Model `hsb' substituted by `rgb' on input line 1352.
Package xcolor Info: Model `RGB' extended on input line 1364.
Package xcolor Info: Model `HTML' substituted by `rgb' on input line 1366.
Package xcolor Info: Model `Hsb' substituted by `hsb' on input line 1367.
Package xcolor Info: Model `tHsb' substituted by `hsb' on input line 1368.
Package xcolor Info: Model `HSB' substituted by `hsb' on input line 1369.
Package xcolor Info: Model `Gray' substituted by `gray' on input line 1370.
Package xcolor Info: Model `wave' substituted by `hsb' on input line 1371.
)
(c:/texlive/2017/texmf-dist/tex/generic/pgf/basiclayer/pgfcore.code.tex
Package: pgfcore 2010/04/11 v3.0.1a (rcs-revision 1.7)

(c:/texlive/2017/texmf-dist/tex/generic/pgf/math/pgfmath.code.tex
(c:/texlive/2017/texmf-dist/tex/generic/pgf/math/pgfmathcalc.code.tex
(c:/texlive/2017/texmf-dist/tex/generic/pgf/math/pgfmathutil.code.tex)
(c:/texlive/2017/texmf-dist/tex/generic/pgf/math/pgfmathparser.code.tex
\pgfmath@dimen=\dimen174
\pgfmath@count=\count141
\pgfmath@box=\box43
\pgfmath@toks=\toks32
\pgfmath@stack@operand=\toks33
\pgfmath@stack@operation=\toks34
)
(c:/texlive/2017/texmf-dist/tex/generic/pgf/math/pgfmathfunctions.code.tex
(c:/texlive/2017/texmf-dist/tex/generic/pgf/math/pgfmathfunctions.basic.code.te
x)
(c:/texlive/2017/texmf-dist/tex/generic/pgf/math/pgfmathfunctions.trigonometric
.code.tex)
(c:/texlive/2017/texmf-dist/tex/generic/pgf/math/pgfmathfunctions.random.code.t
ex)
(c:/texlive/2017/texmf-dist/tex/generic/pgf/math/pgfmathfunctions.comparison.co
de.tex)
(c:/texlive/2017/texmf-dist/tex/generic/pgf/math/pgfmathfunctions.base.code.tex
)
(c:/texlive/2017/texmf-dist/tex/generic/pgf/math/pgfmathfunctions.round.code.te
x)
(c:/texlive/2017/texmf-dist/tex/generic/pgf/math/pgfmathfunctions.misc.code.tex
)
(c:/texlive/2017/texmf-dist/tex/generic/pgf/math/pgfmathfunctions.integerarithm
etics.code.tex)))
(c:/texlive/2017/texmf-dist/tex/generic/pgf/math/pgfmathfloat.code.tex
\c@pgfmathroundto@lastzeros=\count142
))
(c:/texlive/2017/texmf-dist/tex/generic/pgf/basiclayer/pgfcorepoints.code.tex
File: pgfcorepoints.code.tex 2013/10/07  (rcs-revision 1.27)
\pgf@picminx=\dimen175
\pgf@picmaxx=\dimen176
\pgf@picminy=\dimen177
\pgf@picmaxy=\dimen178
\pgf@pathminx=\dimen179
\pgf@pathmaxx=\dimen180
\pgf@pathminy=\dimen181
\pgf@pathmaxy=\dimen182
\pgf@xx=\dimen183
\pgf@xy=\dimen184
\pgf@yx=\dimen185
\pgf@yy=\dimen186
\pgf@zx=\dimen187
\pgf@zy=\dimen188
)
(c:/texlive/2017/texmf-dist/tex/generic/pgf/basiclayer/pgfcorepathconstruct.cod
e.tex
File: pgfcorepathconstruct.code.tex 2013/10/07  (rcs-revision 1.29)
\pgf@path@lastx=\dimen189
\pgf@path@lasty=\dimen190
)
(c:/texlive/2017/texmf-dist/tex/generic/pgf/basiclayer/pgfcorepathusage.code.te
x
File: pgfcorepathusage.code.tex 2014/11/02  (rcs-revision 1.24)
\pgf@shorten@end@additional=\dimen191
\pgf@shorten@start@additional=\dimen192
)
(c:/texlive/2017/texmf-dist/tex/generic/pgf/basiclayer/pgfcorescopes.code.tex
File: pgfcorescopes.code.tex 2015/05/08  (rcs-revision 1.46)
\pgfpic=\box44
\pgf@hbox=\box45
\pgf@layerbox@main=\box46
\pgf@picture@serial@count=\count143
)
(c:/texlive/2017/texmf-dist/tex/generic/pgf/basiclayer/pgfcoregraphicstate.code
.tex
File: pgfcoregraphicstate.code.tex 2014/11/02  (rcs-revision 1.12)
\pgflinewidth=\dimen193
)
(c:/texlive/2017/texmf-dist/tex/generic/pgf/basiclayer/pgfcoretransformations.c
ode.tex
File: pgfcoretransformations.code.tex 2015/08/07  (rcs-revision 1.20)
\pgf@pt@x=\dimen194
\pgf@pt@y=\dimen195
\pgf@pt@temp=\dimen196
)
(c:/texlive/2017/texmf-dist/tex/generic/pgf/basiclayer/pgfcorequick.code.tex
File: pgfcorequick.code.tex 2008/10/09  (rcs-revision 1.3)
)
(c:/texlive/2017/texmf-dist/tex/generic/pgf/basiclayer/pgfcoreobjects.code.tex
File: pgfcoreobjects.code.tex 2006/10/11  (rcs-revision 1.2)
)
(c:/texlive/2017/texmf-dist/tex/generic/pgf/basiclayer/pgfcorepathprocessing.co
de.tex
File: pgfcorepathprocessing.code.tex 2013/09/09  (rcs-revision 1.9)
)
(c:/texlive/2017/texmf-dist/tex/generic/pgf/basiclayer/pgfcorearrows.code.tex
File: pgfcorearrows.code.tex 2015/05/14  (rcs-revision 1.43)
\pgfarrowsep=\dimen197
)
(c:/texlive/2017/texmf-dist/tex/generic/pgf/basiclayer/pgfcoreshade.code.tex
File: pgfcoreshade.code.tex 2013/07/15  (rcs-revision 1.15)
\pgf@max=\dimen198
\pgf@sys@shading@range@num=\count144
)
(c:/texlive/2017/texmf-dist/tex/generic/pgf/basiclayer/pgfcoreimage.code.tex
File: pgfcoreimage.code.tex 2013/07/15  (rcs-revision 1.18)

(c:/texlive/2017/texmf-dist/tex/generic/pgf/basiclayer/pgfcoreexternal.code.tex
File: pgfcoreexternal.code.tex 2014/07/09  (rcs-revision 1.21)
\pgfexternal@startupbox=\box47
))
(c:/texlive/2017/texmf-dist/tex/generic/pgf/basiclayer/pgfcorelayers.code.tex
File: pgfcorelayers.code.tex 2013/07/18  (rcs-revision 1.7)
)
(c:/texlive/2017/texmf-dist/tex/generic/pgf/basiclayer/pgfcoretransparency.code
.tex
File: pgfcoretransparency.code.tex 2013/09/30  (rcs-revision 1.5)
)
(c:/texlive/2017/texmf-dist/tex/generic/pgf/basiclayer/pgfcorepatterns.code.tex
File: pgfcorepatterns.code.tex 2013/11/07  (rcs-revision 1.5)
)))
(c:/texlive/2017/texmf-dist/tex/generic/pgf/modules/pgfmoduleshapes.code.tex
File: pgfmoduleshapes.code.tex 2014/03/21  (rcs-revision 1.35)
\pgfnodeparttextbox=\box48
)
(c:/texlive/2017/texmf-dist/tex/generic/pgf/modules/pgfmoduleplot.code.tex
File: pgfmoduleplot.code.tex 2015/08/03  (rcs-revision 1.13)
)
(c:/texlive/2017/texmf-dist/tex/latex/pgf/compatibility/pgfcomp-version-0-65.st
y
Package: pgfcomp-version-0-65 2007/07/03 v3.0.1a (rcs-revision 1.7)
\pgf@nodesepstart=\dimen199
\pgf@nodesepend=\dimen256
)
(c:/texlive/2017/texmf-dist/tex/latex/pgf/compatibility/pgfcomp-version-1-18.st
y
Package: pgfcomp-version-1-18 2007/07/23 v3.0.1a (rcs-revision 1.1)
)) (c:/texlive/2017/texmf-dist/tex/latex/tools/verbatim.sty
Package: verbatim 2014/10/28 v1.5q LaTeX2e package for verbatim enhancements
\every@verbatim=\toks35
\verbatim@line=\toks36
\verbatim@in@stream=\read2
)
(c:/texlive/2017/texmf-dist/tex/latex/environ/environ.sty
Package: environ 2014/05/04 v0.3 A new way to define environments

(c:/texlive/2017/texmf-dist/tex/latex/trimspaces/trimspaces.sty
Package: trimspaces 2009/09/17 v1.1 Trim spaces around a token list
))
(c:/texlive/2017/texmf-dist/tex/latex/etoolbox/etoolbox.sty
Package: etoolbox 2017/11/22 v2.5 e-TeX tools for LaTeX (JAW)
\etb@tempcnta=\count145
)
\tcb@titlebox=\box49
\tcb@upperbox=\box50
\tcb@lowerbox=\box51
\tcb@phantombox=\box52
\c@tcbbreakpart=\count146
\c@tcblayer=\count147
\tcolorbox@number=\count148
\tcb@temp=\box53
\tcb@temp=\box54
\tcb@temp=\box55
\tcb@temp=\box56
\tcb@out=\write5
\tcb@record@out=\write6
)
(./main_review_arxiv.aux)
\openout1 = `main_review_arxiv.aux'.

LaTeX Font Info:    Checking defaults for OML/cmm/m/it on input line 45.
LaTeX Font Info:    ... okay on input line 45.
LaTeX Font Info:    Checking defaults for T1/cmr/m/n on input line 45.
LaTeX Font Info:    ... okay on input line 45.
LaTeX Font Info:    Checking defaults for OT1/cmr/m/n on input line 45.
LaTeX Font Info:    ... okay on input line 45.
LaTeX Font Info:    Checking defaults for OMS/cmsy/m/n on input line 45.
LaTeX Font Info:    ... okay on input line 45.
LaTeX Font Info:    Checking defaults for OMX/cmex/m/n on input line 45.
LaTeX Font Info:    ... okay on input line 45.
LaTeX Font Info:    Checking defaults for U/cmr/m/n on input line 45.
LaTeX Font Info:    ... okay on input line 45.
LaTeX Font Info:    Try loading font information for OT1+ptm on input line 45.

(c:/texlive/2017/texmf-dist/tex/latex/psnfss/ot1ptm.fd
File: ot1ptm.fd 2001/06/04 font definitions for OT1/ptm.
)
ABD: EveryShipout initializing macros
(c:/texlive/2017/texmf-dist/tex/context/base/mkii/supp-pdf.mkii
[Loading MPS to PDF converter (version 2006.09.02).]
\scratchcounter=\count149
\scratchdimen=\dimen257
\scratchbox=\box57
\nofMPsegments=\count150
\nofMParguments=\count151
\everyMPshowfont=\toks37
\MPscratchCnt=\count152
\MPscratchDim=\dimen258
\MPnumerator=\count153
\makeMPintoPDFobject=\count154
\everyMPtoPDFconversion=\toks38
) (c:/texlive/2017/texmf-dist/tex/latex/oberdiek/epstopdf-base.sty
Package: epstopdf-base 2016/05/15 v2.6 Base part for package epstopdf

(c:/texlive/2017/texmf-dist/tex/generic/oberdiek/infwarerr.sty
Package: infwarerr 2016/05/16 v1.4 Providing info/warning/error messages (HO)
)
(c:/texlive/2017/texmf-dist/tex/latex/oberdiek/grfext.sty
Package: grfext 2016/05/16 v1.2 Manage graphics extensions (HO)

(c:/texlive/2017/texmf-dist/tex/generic/oberdiek/kvdefinekeys.sty
Package: kvdefinekeys 2016/05/16 v1.4 Define keys (HO)

(c:/texlive/2017/texmf-dist/tex/generic/oberdiek/ltxcmds.sty
Package: ltxcmds 2016/05/16 v1.23 LaTeX kernel commands for general use (HO)
)))
(c:/texlive/2017/texmf-dist/tex/latex/oberdiek/kvoptions.sty
Package: kvoptions 2016/05/16 v3.12 Key value format for package options (HO)

(c:/texlive/2017/texmf-dist/tex/generic/oberdiek/kvsetkeys.sty
Package: kvsetkeys 2016/05/16 v1.17 Key value parser (HO)

(c:/texlive/2017/texmf-dist/tex/generic/oberdiek/etexcmds.sty
Package: etexcmds 2016/05/16 v1.6 Avoid name clashes with e-TeX commands (HO)

(c:/texlive/2017/texmf-dist/tex/generic/oberdiek/ifluatex.sty
Package: ifluatex 2016/05/16 v1.4 Provides the ifluatex switch (HO)
Package ifluatex Info: LuaTeX not detected.
)
Package etexcmds Info: Could not find \expanded.
(etexcmds)             That can mean that you are not using pdfTeX 1.50 or
(etexcmds)             that some package has redefined \expanded.
(etexcmds)             In the latter case, load this package earlier.
)))
(c:/texlive/2017/texmf-dist/tex/generic/oberdiek/pdftexcmds.sty
Package: pdftexcmds 2017/03/19 v0.25 Utility functions of pdfTeX for LuaTeX (HO
)

(c:/texlive/2017/texmf-dist/tex/generic/oberdiek/ifpdf.sty
Package: ifpdf 2017/03/15 v3.2 Provides the ifpdf switch
)
Package pdftexcmds Info: LuaTeX not detected.
Package pdftexcmds Info: \pdf@primitive is available.
Package pdftexcmds Info: \pdf@ifprimitive is available.
Package pdftexcmds Info: \pdfdraftmode found.
)
Package epstopdf-base Info: Redefining graphics rule for `.eps' on input line 4
38.
Package grfext Info: Graphics extension search list:
(grfext)             [.pdf,.png,.jpg,.mps,.jpeg,.jbig2,.jb2,.PDF,.PNG,.JPG,.JPE
G,.JBIG2,.JB2,.eps]
(grfext)             \AppendGraphicsExtensions on input line 456.

(c:/texlive/2017/texmf-dist/tex/latex/latexconfig/epstopdf-sys.cfg
File: epstopdf-sys.cfg 2010/07/13 v1.3 Configuration of (r)epstopdf for TeX Liv
e
))
Package caption Info: Begin \AtBeginDocument code.
Package caption Info: subfig package v1.3 is loaded.
Package caption Info: rotating package is loaded.
Package caption Info: End \AtBeginDocument code.
LaTeX Font Info:    Font shape `OT1/ptm/bx/n' in size <14.4> not available
(Font)              Font shape `OT1/ptm/b/n' tried instead on input line 66.
LaTeX Font Info:    Try loading font information for U+msa on input line 66.

(c:/texlive/2017/texmf-dist/tex/latex/amsfonts/umsa.fd
File: umsa.fd 2013/01/14 v3.01 AMS symbols A
)
LaTeX Font Info:    Try loading font information for U+msb on input line 66.

(c:/texlive/2017/texmf-dist/tex/latex/amsfonts/umsb.fd
File: umsb.fd 2013/01/14 v3.01 AMS symbols B
)
LaTeX Font Info:    Try loading font information for OT1+pcr on input line 66.

(c:/texlive/2017/texmf-dist/tex/latex/psnfss/ot1pcr.fd
File: ot1pcr.fd 2001/06/04 font definitions for OT1/pcr.
)
LaTeX Font Info:    Try loading font information for OMS+pcr on input line 66.

(c:/texlive/2017/texmf-dist/tex/latex/psnfss/omspcr.fd
File: omspcr.fd 
)
LaTeX Font Info:    Font shape `OMS/pcr/m/n' in size <9> not available
(Font)              Font shape `OMS/cmsy/m/n' tried instead on input line 66.
LaTeX Font Info:    Font shape `OT1/ptm/bx/n' in size <12> not available
(Font)              Font shape `OT1/ptm/b/n' tried instead on input line 71.
<teaser_w.jpg, id=4, 846.21161pt x 306.2411pt>
File: teaser_w.jpg Graphic file (type jpg)
<use teaser_w.jpg>
Package pdftex.def Info: teaser_w.jpg  used on input line 131.
(pdftex.def)             Requested size: 233.52304pt x 84.5086pt.
 [1{c:/texlive/2017/texmf-var/fonts/map/pdftex/updmap/pdftex.map}


 <./teaser_w.jpg>]
<pipeline.jpg, id=19, 1373.13pt x 656.4525pt>
File: pipeline.jpg Graphic file (type jpg)
<use pipeline.jpg>
Package pdftex.def Info: pipeline.jpg  used on input line 153.
(pdftex.def)             Requested size: 496.85625pt x 237.52472pt.
LaTeX Font Info:    Font shape `OT1/ptm/bx/n' in size <10> not available
(Font)              Font shape `OT1/ptm/b/n' tried instead on input line 244.
 [2]
Underfull \hbox (badness 10000) in paragraph at lines 280--282
[]\OT1/ptm/m/n/10 Let us de-note the seven \OT1/ptm/b/n/10 vi-sual \OT1/ptm/m/n
/10 LSTM mod-
 []


Underfull \hbox (badness 10000) in paragraph at lines 280--282
\OT1/ptm/m/n/10 els by $[][]$, $[][]$, $[][]$,
 []


Underfull \hbox (badness 10000) in paragraph at lines 280--282
[][]$\OT1/ptm/m/n/10 , $[][]$, $[][]$ and
 []

[3 <./pipeline.jpg>]
Underfull \hbox (badness 3219) in paragraph at lines 352--354
\OT1/ptm/b/n/10 Appearance. \OT1/ptm/m/n/10 We use the \OT1/ptm/m/it/10 fc7 \OT
1/ptm/m/n/10 fea-ture of VGG-16
 []


Underfull \hbox (badness 1226) in paragraph at lines 373--376
\OT1/ptm/m/n/10 lo-cal and global fea-tures to ob-tain two meta-features:
 []


Underfull \hbox (badness 10000) in paragraph at lines 373--376
\OMS/cmsy/m/n/10 f\OT1/cmr/m/n/10 [\OT1/cmr/bx/n/10 h[]\OML/cmm/m/it/10 ; \OT1/
cmr/bx/n/10 f[]\OML/cmm/m/it/10 ; \OT1/cmr/bx/n/10 f[]\OML/cmm/m/it/10 ; \OT1/c
mr/bx/n/10 f[]\OML/cmm/m/it/10 ; \OT1/cmr/bx/n/10 f[]\OML/cmm/m/it/10 ; \OT1/cm
r/bx/n/10 f[]\OT1/cmr/m/n/10 ]$\OT1/ptm/m/n/10 ,
 []

<pic5.jpg, id=30, 582.67688pt x 291.33844pt>
File: pic5.jpg Graphic file (type jpg)
<use pic5.jpg>
Package pdftex.def Info: pic5.jpg  used on input line 386.
(pdftex.def)             Requested size: 118.56796pt x 59.28021pt.
<pic6.jpg, id=31, 581.17125pt x 292.09125pt>
File: pic6.jpg Graphic file (type jpg)
<use pic6.jpg>
Package pdftex.def Info: pic6.jpg  used on input line 387.
(pdftex.def)             Requested size: 118.56796pt x 59.58939pt.
<desc5.PNG, id=32, 285.31593pt x 295.85532pt>
File: desc5.PNG Graphic file (type png)
<use desc5.PNG>
Package pdftex.def Info: desc5.PNG  used on input line 394.
(pdftex.def)             Requested size: 118.56499pt x 118.56573pt.
<desc6.PNG, id=34, 281.55188pt x 264.99pt>
File: desc6.PNG Graphic file (type png)
<use desc6.PNG>
Package pdftex.def Info: desc6.PNG  used on input line 396.
(pdftex.def)             Requested size: 118.56888pt x 118.56914pt.

Overfull \hbox (14.49998pt too wide) in paragraph at lines 385--403
 [][] 
 []

[4] [5 <./pic5.jpg> <./pic6.jpg> <./desc5.PNG> <./desc6.PNG>]
<errorplot1.jpg, id=49, 584.0pt x 438.0pt>
File: errorplot1.jpg Graphic file (type jpg)
<use errorplot1.jpg>
Package pdftex.def Info: errorplot1.jpg  used on input line 693.
(pdftex.def)             Requested size: 118.56796pt x 110.92467pt.
<errorplot.jpg, id=51, 584.0pt x 438.0pt>
File: errorplot.jpg Graphic file (type jpg)
<use errorplot.jpg>
Package pdftex.def Info: errorplot.jpg  used on input line 694.
(pdftex.def)             Requested size: 118.56796pt x 99.24765pt.

Overfull \hbox (14.49998pt too wide) in paragraph at lines 692--699
 [][] 
 []

[6]
LaTeX Font Info:    Font shape `OT1/ptm/bx/n' in size <5> not available
(Font)              Font shape `OT1/ptm/b/n' tried instead on input line 720.
<demo_24_0_nlor.jpg, id=56, 876.0pt x 584.0pt>
File: demo_24_0_nlor.jpg Graphic file (type jpg)
<use demo_24_0_nlor.jpg>
Package pdftex.def Info: demo_24_0_nlor.jpg  used on input line 725.
(pdftex.def)             Requested size: 94.85292pt x 63.23323pt.
<rdemo_24_0.jpg, id=57, 876.0pt x 584.0pt>
File: rdemo_24_0.jpg Graphic file (type jpg)
<use rdemo_24_0.jpg>
Package pdftex.def Info: rdemo_24_0.jpg  used on input line 728.
(pdftex.def)             Requested size: 94.85292pt x 63.23323pt.
<demo_24_0.jpg, id=58, 876.0pt x 584.0pt>
File: demo_24_0.jpg Graphic file (type jpg)
<use demo_24_0.jpg>
Package pdftex.def Info: demo_24_0.jpg  used on input line 730.
(pdftex.def)             Requested size: 94.85292pt x 63.23323pt.
<demo_5_0_nlor.pdf, id=59, 578.16pt x 433.62pt>
File: demo_5_0_nlor.pdf Graphic file (type pdf)
<use demo_5_0_nlor.pdf>
Package pdftex.def Info: demo_5_0_nlor.pdf  used on input line 734.
(pdftex.def)             Requested size: 94.85292pt x 71.13399pt.
<demo_5_0_mm.pdf, id=60, 578.16pt x 433.62pt>
File: demo_5_0_mm.pdf Graphic file (type pdf)
<use demo_5_0_mm.pdf>
Package pdftex.def Info: demo_5_0_mm.pdf  used on input line 737.
(pdftex.def)             Requested size: 94.85292pt x 71.13399pt.
<rdemo_5_0.jpg, id=61, 876.0pt x 584.0pt>
File: rdemo_5_0.jpg Graphic file (type jpg)
<use rdemo_5_0.jpg>
Package pdftex.def Info: rdemo_5_0.jpg  used on input line 739.
(pdftex.def)             Requested size: 94.85292pt x 63.23323pt.
<demo_44_0_nlor.jpg, id=62, 876.0pt x 584.0pt>
File: demo_44_0_nlor.jpg Graphic file (type jpg)
<use demo_44_0_nlor.jpg>
Package pdftex.def Info: demo_44_0_nlor.jpg  used on input line 742.
(pdftex.def)             Requested size: 94.85292pt x 63.23323pt.
<rdemo_44_0.jpg, id=63, 876.0pt x 584.0pt>
File: rdemo_44_0.jpg Graphic file (type jpg)
<use rdemo_44_0.jpg>
Package pdftex.def Info: rdemo_44_0.jpg  used on input line 745.
(pdftex.def)             Requested size: 94.85292pt x 63.23323pt.
<demo_44_0.jpg, id=64, 876.0pt x 584.0pt>
File: demo_44_0.jpg Graphic file (type jpg)
<use demo_44_0.jpg>
Package pdftex.def Info: demo_44_0.jpg  used on input line 747.
(pdftex.def)             Requested size: 94.85292pt x 63.23323pt.
<demo_46_0_nlor.jpg, id=65, 876.0pt x 584.0pt>
File: demo_46_0_nlor.jpg Graphic file (type jpg)
<use demo_46_0_nlor.jpg>
Package pdftex.def Info: demo_46_0_nlor.jpg  used on input line 750.
(pdftex.def)             Requested size: 94.85292pt x 63.23323pt.
<demo_46_0_mm.jpg, id=66, 876.0pt x 584.0pt>
File: demo_46_0_mm.jpg Graphic file (type jpg)
<use demo_46_0_mm.jpg>
Package pdftex.def Info: demo_46_0_mm.jpg  used on input line 753.
(pdftex.def)             Requested size: 94.85292pt x 63.23323pt.
<rdemo_46_0.jpg, id=67, 876.0pt x 584.0pt>
File: rdemo_46_0.jpg Graphic file (type jpg)
<use rdemo_46_0.jpg>
Package pdftex.def Info: rdemo_46_0.jpg  used on input line 755.
(pdftex.def)             Requested size: 94.85292pt x 63.23323pt.

Overfull \hbox (10.0076pt too wide) in paragraph at lines 720--761
 [] 
 []

<frankfurt_000140_000029_leftImg8bit_modf.jpg, id=68, 1405.25pt x 702.625pt>
File: frankfurt_000140_000029_leftImg8bit_modf.jpg Graphic file (type jpg)
<use frankfurt_000140_000029_leftImg8bit_modf.jpg>
Package pdftex.def Info: frankfurt_000140_000029_leftImg8bit_modf.jpg  used on 
input line 790.
(pdftex.def)             Requested size: 119.24821pt x 59.62048pt.
<frankfurt_000208_000029_leftImg8bit_modf.jpg, id=69, 1405.25pt x 702.625pt>
File: frankfurt_000208_000029_leftImg8bit_modf.jpg Graphic file (type jpg)
<use frankfurt_000208_000029_leftImg8bit_modf.jpg>
Package pdftex.def Info: frankfurt_000208_000029_leftImg8bit_modf.jpg  used on 
input line 792.
(pdftex.def)             Requested size: 119.24821pt x 59.62048pt.
<frankfurt_000080_000029_leftImg8bit_modf.jpg, id=70, 1405.25pt x 702.625pt>
File: frankfurt_000080_000029_leftImg8bit_modf.jpg Graphic file (type jpg)
<use frankfurt_000080_000029_leftImg8bit_modf.jpg>
Package pdftex.def Info: frankfurt_000080_000029_leftImg8bit_modf.jpg  used on 
input line 794.
(pdftex.def)             Requested size: 119.24821pt x 59.62048pt.
<frankfurt_000019_000029_leftImg8bit_modf.jpg, id=71, 2055.68pt x 1027.84pt>
File: frankfurt_000019_000029_leftImg8bit_modf.jpg Graphic file (type jpg)
<use frankfurt_000019_000029_leftImg8bit_modf.jpg>
Package pdftex.def Info: frankfurt_000019_000029_leftImg8bit_modf.jpg  used on 
input line 796.
(pdftex.def)             Requested size: 119.24821pt x 59.61319pt.
<demo_140_0.jpg, id=72, 693.5pt x 353.32pt>
File: demo_140_0.jpg Graphic file (type jpg)
<use demo_140_0.jpg>
Package pdftex.def Info: demo_140_0.jpg  used on input line 801.
(pdftex.def)             Requested size: 119.24821pt x 60.75368pt.
<demo_208_0.jpg, id=73, 693.5pt x 353.32pt>
File: demo_208_0.jpg Graphic file (type jpg)
<use demo_208_0.jpg>
Package pdftex.def Info: demo_208_0.jpg  used on input line 804.
(pdftex.def)             Requested size: 119.24821pt x 60.75368pt.
<demo_80_0.jpg, id=74, 693.5pt x 353.32pt>
File: demo_80_0.jpg Graphic file (type jpg)
<use demo_80_0.jpg>
Package pdftex.def Info: demo_80_0.jpg  used on input line 807.
(pdftex.def)             Requested size: 119.24821pt x 60.75368pt.
<demo_19_0.jpg, id=75, 693.5pt x 353.32pt>
File: demo_19_0.jpg Graphic file (type jpg)
<use demo_19_0.jpg>
Package pdftex.def Info: demo_19_0.jpg  used on input line 810.
(pdftex.def)             Requested size: 119.24821pt x 60.75368pt.
<rdemo_140_0.jpg, id=76, 693.5pt x 353.32pt>
File: rdemo_140_0.jpg Graphic file (type jpg)
<use rdemo_140_0.jpg>
Package pdftex.def Info: rdemo_140_0.jpg  used on input line 814.
(pdftex.def)             Requested size: 119.24821pt x 60.75368pt.
<rdemo_208_0.jpg, id=77, 693.5pt x 353.32pt>
File: rdemo_208_0.jpg Graphic file (type jpg)
<use rdemo_208_0.jpg>
Package pdftex.def Info: rdemo_208_0.jpg  used on input line 816.
(pdftex.def)             Requested size: 119.24821pt x 60.75368pt.
<rdemo_80_0.jpg, id=78, 693.5pt x 353.32pt>
File: rdemo_80_0.jpg Graphic file (type jpg)
<use rdemo_80_0.jpg>
Package pdftex.def Info: rdemo_80_0.jpg  used on input line 818.
(pdftex.def)             Requested size: 119.24821pt x 60.75368pt.
<rdemo_19_0.jpg, id=79, 693.5pt x 353.32pt>
File: rdemo_19_0.jpg Graphic file (type jpg)
<use rdemo_19_0.jpg>
Package pdftex.def Info: rdemo_19_0.jpg  used on input line 820.
(pdftex.def)             Requested size: 119.24821pt x 60.75368pt.

Overfull \hbox (2.5549pt too wide) in paragraph at lines 771--823
 []$[]$ 
 []

[7 <./errorplot1.jpg> <./errorplot.jpg> <./demo_24_0_nlor.jpg> <./rdemo_24_0.jp
g> <./demo_24_0.jpg> <./demo_5_0_nlor.pdf

pdfTeX warning: pdflatex.exe (file ./demo_5_0_nlor.pdf): PDF inclusion: multipl
e pdfs with page group included in a single page
> <./demo_5_0_mm.pdf

pdfTeX warning: pdflatex.exe (file ./demo_5_0_mm.pdf): PDF inclusion: multiple 
pdfs with page group included in a single page
> <./rdemo_5_0.jpg> <./demo_44_0_nlor.jpg> <./rdemo_44_0.jpg> <./demo_44_0.jpg>
 <./demo_46_0_nlor.jpg> <./demo_46_0_mm.jpg> <./rdemo_46_0.jpg>]
Underfull \hbox (badness 1077) in paragraph at lines 863--864
[]\OT1/ptm/m/n/10 Since there arises sam-pling rate dif-fer-ence be-tween
 []


Underfull \vbox (badness 10000) has occurred while \output is active []


(./main_review_arxiv.bbl [8 <./frankfurt_000140_000029_leftImg8bit_modf.jpg> <.
/frankfurt_000208_000029_leftImg8bit_modf.jpg> <./frankfurt_000080_000029_leftI
mg8bit_modf.jpg> <./frankfurt_000019_000029_leftImg8bit_modf.jpg> <./demo_140_0
.jpg> <./demo_208_0.jpg> <./demo_80_0.jpg> <./demo_19_0.jpg> <./rdemo_140_0.jpg
> <./rdemo_208_0.jpg> <./rdemo_80_0.jpg> <./rdemo_19_0.jpg>]
Underfull \hbox (badness 10000) in paragraph at lines 22--27
[]\OT1/ptm/m/n/9 J. Don-ahue, L. Anne Hen-dricks, S. Guadar-rama,
 []

Missing character: There is no â in font ptmr7t!
Missing character: There is no € in font ptmr7t!
Missing character: There is no “ in font ptmr7t!
[9]
Underfull \hbox (badness 2671) in paragraph at lines 201--205
[]\OT1/ptm/m/n/9 A. Rohrbach, M. Rohrbach, R. Hu, T. Dar-rell, and
 []


Underfull \hbox (badness 4391) in paragraph at lines 237--240
[]\OT1/ptm/m/n/9 Y. Sug-ano and A. Bulling.  See-ing with hu-mans:
 []


Underfull \hbox (badness 1082) in paragraph at lines 237--240
\OT1/ptm/m/n/9 Gaze-assisted neu-ral im-age cap-tion-ing.  \OT1/ptm/m/it/9 arXi
v preprint
 []

) [10] (./main_review_arxiv.aux) ) 
Here is how much of TeX's memory you used:
 15808 strings out of 492980
 295629 string characters out of 6136207
 459472 words of memory out of 5000000
 18991 multiletter control sequences out of 15000+600000
 37895 words of font info for 85 fonts, out of 8000000 for 9000
 1141 hyphenation exceptions out of 8191
 54i,14n,77p,1444b,647s stack positions out of 5000i,500n,10000p,200000b,80000s
{c:/texlive/2017/texmf-dist/fonts/enc/dvips/b
ase/8r.enc}<c:/texlive/2017/texmf-dist/fonts/type1/public/amsfonts/cm/cmbx10.pf
b><c:/texlive/2017/texmf-dist/fonts/type1/public/amsfonts/cmextra/cmex8.pfb><c:
/texlive/2017/texmf-dist/fonts/type1/public/amsfonts/cm/cmmi10.pfb><c:/texlive/
2017/texmf-dist/fonts/type1/public/amsfonts/cm/cmmi5.pfb><c:/texlive/2017/texmf
-dist/fonts/type1/public/amsfonts/cm/cmmi6.pfb><c:/texlive/2017/texmf-dist/font
s/type1/public/amsfonts/cm/cmmi7.pfb><c:/texlive/2017/texmf-dist/fonts/type1/pu
blic/amsfonts/cm/cmmi8.pfb><c:/texlive/2017/texmf-dist/fonts/type1/public/amsfo
nts/cm/cmr10.pfb><c:/texlive/2017/texmf-dist/fonts/type1/public/amsfonts/cm/cmr
6.pfb><c:/texlive/2017/texmf-dist/fonts/type1/public/amsfonts/cm/cmr7.pfb><c:/t
exlive/2017/texmf-dist/fonts/type1/public/amsfonts/cm/cmr8.pfb><c:/texlive/2017
/texmf-dist/fonts/type1/public/amsfonts/cm/cmsy10.pfb><c:/texlive/2017/texmf-di
st/fonts/type1/public/amsfonts/cm/cmsy6.pfb><c:/texlive/2017/texmf-dist/fonts/t
ype1/public/amsfonts/cm/cmsy8.pfb><c:/texlive/2017/texmf-dist/fonts/type1/publi
c/amsfonts/cm/cmsy9.pfb><c:/texlive/2017/texmf-dist/fonts/type1/urw/courier/ucr
r8a.pfb><c:/texlive/2017/texmf-dist/fonts/type1/urw/times/utmb8a.pfb><c:/texliv
e/2017/texmf-dist/fonts/type1/urw/times/utmr8a.pfb><c:/texlive/2017/texmf-dist/
fonts/type1/urw/times/utmri8a.pfb>
Output written on main_review_arxiv.pdf (10 pages, 4901790 bytes).
PDF statistics:
 163 PDF objects out of 1000 (max. 8388607)
 92 compressed objects within 1 object stream
 0 named destinations out of 1000 (max. 500000)
 185 words of extra memory for PDF output out of 10000 (max. 10000000)

